The system is: CYGWIN - 3.2.0(0.340/5/3) - x86_64
Compiling the C compiler identification source file "CMakeCCompilerId.c" succeeded.
Compiler: /usr/bin/cc 
Build flags: 
Id flags:  

The output was:
0


Compilation of the C compiler identification source "CMakeCCompilerId.c" produced "a.exe"

The C compiler identification is GNU, found in "/cygdrive/c/Users/victo/Documents/Proyects/Facultad/Algo2/Victor/Labo/Practicas/Ejercitacion06/ejercitacion_templates_corregida/cmake-build-debug/CMakeFiles/3.19.2/CompilerIdC/a.exe"

Compiling the CXX compiler identification source file "CMakeCXXCompilerId.cpp" succeeded.
Compiler: /usr/bin/c++.exe 
Build flags: 
Id flags:  

The output was:
0


Compilation of the CXX compiler identification source "CMakeCXXCompilerId.cpp" produced "a.exe"

The CXX compiler identification is GNU, found in "/cygdrive/c/Users/victo/Documents/Proyects/Facultad/Algo2/Victor/Labo/Practicas/Ejercitacion06/ejercitacion_templates_corregida/cmake-build-debug/CMakeFiles/3.19.2/CompilerIdCXX/a.exe"

Determining if the C compiler works passed with the following output:
Change Dir: /cygdrive/c/Users/victo/Documents/Proyects/Facultad/Algo2/Victor/Labo/Practicas/Ejercitacion06/ejercitacion_templates_corregida/cmake-build-debug/CMakeFiles/CMakeTmp

Run Build Command(s):/cygdrive/c/Strawberry/c/bin/gmake.exe cmTC_6567d/fast && C:/Strawberry/c/bin/gmake  -f CMakeFiles/cmTC_6567d.dir/build.make CMakeFiles/cmTC_6567d.dir/build
gmake[1]: Entering directory 'C:/Users/victo/Documents/Proyects/Facultad/Algo2/Victor/Labo/Practicas/Ejercitacion06/ejercitacion_templates_corregida/cmake-build-debug/CMakeFiles/CMakeTmp'
Building C object CMakeFiles/cmTC_6567d.dir/testCCompiler.c.o
/usr/bin/cc    -o CMakeFiles/cmTC_6567d.dir/testCCompiler.c.o -c /cygdrive/c/Users/victo/Documents/Proyects/Facultad/Algo2/Victor/Labo/Practicas/Ejercitacion06/ejercitacion_templates_corregida/cmake-build-debug/CMakeFiles/CMakeTmp/testCCompiler.c
Linking C executable cmTC_6567d.exe
/cygdrive/c/Users/victo/AppData/Local/JetBrains/CLion2021.1/cygwin_cmake/bin/cmake.exe -E cmake_link_script CMakeFiles/cmTC_6567d.dir/link.txt --verbose=1
/usr/bin/cc -Wl,--enable-auto-import  CMakeFiles/cmTC_6567d.dir/testCCompiler.c.o -o cmTC_6567d.exe -Wl,--out-implib,libcmTC_6567d.dll.a -Wl,--major-image-version,0,--minor-image-version,0 
gmake[1]: Leaving directory 'C:/Users/victo/Documents/Proyects/Facultad/Algo2/Victor/Labo/Practicas/Ejercitacion06/ejercitacion_templates_corregida/cmake-build-debug/CMakeFiles/CMakeTmp'



Determining if the CXX compiler works passed with the following output:
Change Dir: /cygdrive/c/Users/victo/Documents/Proyects/Facultad/Algo2/Victor/Labo/Practicas/Ejercitacion06/ejercitacion_templates_corregida/cmake-build-debug/CMakeFiles/CMakeTmp

Run Build Command(s):/cygdrive/c/Strawberry/c/bin/gmake.exe cmTC_7cd35/fast && C:/Strawberry/c/bin/gmake  -f CMakeFiles/cmTC_7cd35.dir/build.make CMakeFiles/cmTC_7cd35.dir/build
gmake[1]: Entering directory 'C:/Users/victo/Documents/Proyects/Facultad/Algo2/Victor/Labo/Practicas/Ejercitacion06/ejercitacion_templates_corregida/cmake-build-debug/CMakeFiles/CMakeTmp'
Building CXX object CMakeFiles/cmTC_7cd35.dir/testCXXCompiler.cxx.o
/usr/bin/c++.exe    -o CMakeFiles/cmTC_7cd35.dir/testCXXCompiler.cxx.o -c /cygdrive/c/Users/victo/Documents/Proyects/Facultad/Algo2/Victor/Labo/Practicas/Ejercitacion06/ejercitacion_templates_corregida/cmake-build-debug/CMakeFiles/CMakeTmp/testCXXCompiler.cxx
Linking CXX executable cmTC_7cd35.exe
/cygdrive/c/Users/victo/AppData/Local/JetBrains/CLion2021.1/cygwin_cmake/bin/cmake.exe -E cmake_link_script CMakeFiles/cmTC_7cd35.dir/link.txt --verbose=1
/usr/bin/c++.exe -Wl,--enable-auto-import  CMakeFiles/cmTC_7cd35.dir/testCXXCompiler.cxx.o -o cmTC_7cd35.exe -Wl,--out-implib,libcmTC_7cd35.dll.a -Wl,--major-image-version,0,--minor-image-version,0 
gmake[1]: Leaving directory 'C:/Users/victo/Documents/Proyects/Facultad/Algo2/Victor/Labo/Practicas/Ejercitacion06/ejercitacion_templates_corregida/cmake-build-debug/CMakeFiles/CMakeTmp'



Determining if the include file pthread.h exists passed with the following output:
Change Dir: /cygdrive/c/Users/victo/Documents/Proyects/Facultad/Algo2/Victor/Labo/Practicas/Ejercitacion06/ejercitacion_templates_corregida/cmake-build-debug/CMakeFiles/CMakeTmp

Run Build Command(s):/cygdrive/c/Strawberry/c/bin/gmake.exe cmTC_cec88/fast && C:/Strawberry/c/bin/gmake  -f CMakeFiles/cmTC_cec88.dir/build.make CMakeFiles/cmTC_cec88.dir/build
gmake[1]: Entering directory 'C:/Users/victo/Documents/Proyects/Facultad/Algo2/Victor/Labo/Practicas/Ejercitacion06/ejercitacion_templates_corregida/cmake-build-debug/CMakeFiles/CMakeTmp'
Building C object CMakeFiles/cmTC_cec88.dir/CheckIncludeFile.c.o
/usr/bin/cc    -o CMakeFiles/cmTC_cec88.dir/CheckIncludeFile.c.o -c /cygdrive/c/Users/victo/Documents/Proyects/Facultad/Algo2/Victor/Labo/Practicas/Ejercitacion06/ejercitacion_templates_corregida/cmake-build-debug/CMakeFiles/CMakeTmp/CheckIncludeFile.c
Linking C executable cmTC_cec88.exe
/cygdrive/c/Users/victo/AppData/Local/JetBrains/CLion2021.1/cygwin_cmake/bin/cmake.exe -E cmake_link_script CMakeFiles/cmTC_cec88.dir/link.txt --verbose=1
/usr/bin/cc -Wl,--enable-auto-import  CMakeFiles/cmTC_cec88.dir/CheckIncludeFile.c.o -o cmTC_cec88.exe -Wl,--out-implib,libcmTC_cec88.dll.a -Wl,--major-image-version,0,--minor-image-version,0 
gmake[1]: Leaving directory 'C:/Users/victo/Documents/Proyects/Facultad/Algo2/Victor/Labo/Practicas/Ejercitacion06/ejercitacion_templates_corregida/cmake-build-debug/CMakeFiles/CMakeTmp'



Performing C SOURCE FILE Test CMAKE_HAVE_LIBC_PTHREAD succeeded with the following output:
Change Dir: /cygdrive/c/Users/victo/Documents/Proyects/Facultad/Algo2/Victor/Labo/Practicas/Ejercitacion06/ejercitacion_templates_corregida/cmake-build-debug/CMakeFiles/CMakeTmp

Run Build Command(s):/cygdrive/c/Strawberry/c/bin/gmake.exe cmTC_a11a7/fast && C:/Strawberry/c/bin/gmake  -f CMakeFiles/cmTC_a11a7.dir/build.make CMakeFiles/cmTC_a11a7.dir/build
gmake[1]: Entering directory 'C:/Users/victo/Documents/Proyects/Facultad/Algo2/Victor/Labo/Practicas/Ejercitacion06/ejercitacion_templates_corregida/cmake-build-debug/CMakeFiles/CMakeTmp'
Building C object CMakeFiles/cmTC_a11a7.dir/src.c.o
/usr/bin/cc -DCMAKE_HAVE_LIBC_PTHREAD   -o CMakeFiles/cmTC_a11a7.dir/src.c.o -c /cygdrive/c/Users/victo/Documents/Proyects/Facultad/Algo2/Victor/Labo/Practicas/Ejercitacion06/ejercitacion_templates_corregida/cmake-build-debug/CMakeFiles/CMakeTmp/src.c
Linking C executable cmTC_a11a7.exe
/cygdrive/c/Users/victo/AppData/Local/JetBrains/CLion2021.1/cygwin_cmake/bin/cmake.exe -E cmake_link_script CMakeFiles/cmTC_a11a7.dir/link.txt --verbose=1
/usr/bin/cc -Wl,--enable-auto-import  CMakeFiles/cmTC_a11a7.dir/src.c.o -o cmTC_a11a7.exe -Wl,--out-implib,libcmTC_a11a7.dll.a -Wl,--major-image-version,0,--minor-image-version,0 
gmake[1]: Leaving directory 'C:/Users/victo/Documents/Proyects/Facultad/Algo2/Victor/Labo/Practicas/Ejercitacion06/ejercitacion_templates_corregida/cmake-build-debug/CMakeFiles/CMakeTmp'


Source file was:
#include <pthread.h>

static void* test_func(void* data)
{
  return data;
}

int main(void)
{
  pthread_t thread;
  pthread_create(&thread, NULL, test_func, NULL);
  pthread_detach(thread);
  pthread_cancel(thread);
  pthread_join(thread, NULL);
  pthread_atfork(NULL, NULL, NULL);
  pthread_exit(NULL);

  return 0;
}

