Compiling the C compiler identification source file "CMakeCCompilerId.c" failed.
Compiler: /usr/local/bin/cc 
Build flags: 
Id flags:  

The output was:
1
cc: fatal error: cannot execute ‘cc1’: execvp: No such file or directory
compilation terminated.


Compiling the C compiler identification source file "CMakeCCompilerId.c" failed.
Compiler: /usr/local/bin/cc 
Build flags: 
Id flags: -c 

The output was:
1
cc: fatal error: cannot execute ‘cc1’: execvp: No such file or directory
compilation terminated.


Compiling the C compiler identification source file "CMakeCCompilerId.c" failed.
Compiler: /usr/local/bin/cc 
Build flags: 
Id flags: -Aa 

The output was:
1
cc: fatal error: cannot execute ‘cc1’: execvp: No such file or directory
compilation terminated.


Compiling the C compiler identification source file "CMakeCCompilerId.c" failed.
Compiler: /usr/local/bin/cc 
Build flags: 
Id flags: -D__CLASSIC_C__ 

The output was:
1
cc: fatal error: cannot execute ‘cc1’: execvp: No such file or directory
compilation terminated.


Compiling the C compiler identification source file "CMakeCCompilerId.c" failed.
Compiler: /usr/local/bin/cc 
Build flags: 
Id flags: --target=arm-arm-none-eabi;-mcpu=cortex-m3 

The output was:
1
cc: warning: ‘-mcpu=’ is deprecated; use ‘-mtune=’ or ‘-march=’ instead
cc: error: unrecognized command line option ‘--target=arm-arm-none-eabi’


Compiling the C compiler identification source file "CMakeCCompilerId.c" failed.
Compiler: /usr/local/bin/cc 
Build flags: 
Id flags:  

The output was:
1
cc: fatal error: cannot execute ‘cc1’: execvp: No such file or directory
compilation terminated.


Compiling the C compiler identification source file "CMakeCCompilerId.c" failed.
Compiler: /usr/local/bin/cc 
Build flags: 
Id flags: -c 

The output was:
1
cc: fatal error: cannot execute ‘cc1’: execvp: No such file or directory
compilation terminated.


Compiling the C compiler identification source file "CMakeCCompilerId.c" failed.
Compiler: /usr/local/bin/cc 
Build flags: 
Id flags: -Aa 

The output was:
1
cc: fatal error: cannot execute ‘cc1’: execvp: No such file or directory
compilation terminated.


Compiling the C compiler identification source file "CMakeCCompilerId.c" failed.
Compiler: /usr/local/bin/cc 
Build flags: 
Id flags: -D__CLASSIC_C__ 

The output was:
1
cc: fatal error: cannot execute ‘cc1’: execvp: No such file or directory
compilation terminated.


Compiling the C compiler identification source file "CMakeCCompilerId.c" failed.
Compiler: /usr/local/bin/cc 
Build flags: 
Id flags: --target=arm-arm-none-eabi;-mcpu=cortex-m3 

The output was:
1
cc: warning: ‘-mcpu=’ is deprecated; use ‘-mtune=’ or ‘-march=’ instead
cc: error: unrecognized command line option ‘--target=arm-arm-none-eabi’


Checking whether the C compiler is IAR using "" did not match "IAR .+ Compiler":
cc: fatal error: no input files
compilation terminated.
Checking whether the C compiler is IAR using "" did not match "IAR .+ Compiler":
cc: fatal error: no input files
compilation terminated.
Compiling the CXX compiler identification source file "CMakeCXXCompilerId.cpp" failed.
Compiler: /usr/local/bin/c++ 
Build flags: 
Id flags:  

The output was:
1
c++: fatal error: cannot execute ‘cc1plus’: execvp: No such file or directory
compilation terminated.


Compiling the CXX compiler identification source file "CMakeCXXCompilerId.cpp" failed.
Compiler: /usr/local/bin/c++ 
Build flags: 
Id flags: -c 

The output was:
1
c++: fatal error: cannot execute ‘cc1plus’: execvp: No such file or directory
compilation terminated.


Compiling the CXX compiler identification source file "CMakeCXXCompilerId.cpp" failed.
Compiler: /usr/local/bin/c++ 
Build flags: 
Id flags: --c++ 

The output was:
1
c++: error: unrecognized command line option ‘--c++’


Compiling the CXX compiler identification source file "CMakeCXXCompilerId.cpp" failed.
Compiler: /usr/local/bin/c++ 
Build flags: 
Id flags: --ec++ 

The output was:
1
c++: error: unrecognized command line option ‘--ec++’; did you mean ‘-Weffc++’?


Compiling the CXX compiler identification source file "CMakeCXXCompilerId.cpp" failed.
Compiler: /usr/local/bin/c++ 
Build flags: 
Id flags: --target=arm-arm-none-eabi;-mcpu=cortex-m3 

The output was:
1
c++: warning: ‘-mcpu=’ is deprecated; use ‘-mtune=’ or ‘-march=’ instead
c++: error: unrecognized command line option ‘--target=arm-arm-none-eabi’


Compiling the CXX compiler identification source file "CMakeCXXCompilerId.cpp" failed.
Compiler: /usr/local/bin/c++ 
Build flags: 
Id flags:  

The output was:
1
c++: fatal error: cannot execute ‘cc1plus’: execvp: No such file or directory
compilation terminated.


Compiling the CXX compiler identification source file "CMakeCXXCompilerId.cpp" failed.
Compiler: /usr/local/bin/c++ 
Build flags: 
Id flags: -c 

The output was:
1
c++: fatal error: cannot execute ‘cc1plus’: execvp: No such file or directory
compilation terminated.


Compiling the CXX compiler identification source file "CMakeCXXCompilerId.cpp" failed.
Compiler: /usr/local/bin/c++ 
Build flags: 
Id flags: --c++ 

The output was:
1
c++: error: unrecognized command line option ‘--c++’


Compiling the CXX compiler identification source file "CMakeCXXCompilerId.cpp" failed.
Compiler: /usr/local/bin/c++ 
Build flags: 
Id flags: --ec++ 

The output was:
1
c++: error: unrecognized command line option ‘--ec++’; did you mean ‘-Weffc++’?


Compiling the CXX compiler identification source file "CMakeCXXCompilerId.cpp" failed.
Compiler: /usr/local/bin/c++ 
Build flags: 
Id flags: --target=arm-arm-none-eabi;-mcpu=cortex-m3 

The output was:
1
c++: warning: ‘-mcpu=’ is deprecated; use ‘-mtune=’ or ‘-march=’ instead
c++: error: unrecognized command line option ‘--target=arm-arm-none-eabi’


Checking whether the CXX compiler is IAR using "" did not match "IAR .+ Compiler":
c++: fatal error: no input files
compilation terminated.
Checking whether the CXX compiler is IAR using "" did not match "IAR .+ Compiler":
c++: fatal error: no input files
compilation terminated.
Detecting C compiler ABI info failed to compile with the following output:
Change Dir: /media/raphiel/Raphiel/Proyects/Facultad/Algo2/Victor/Labo/Practicas/Ejercitacion05/alumnos/cmake-build-debug/CMakeFiles/CMakeTmp

Run Build Command(s):/usr/bin/make cmTC_464d5/fast && /usr/bin/make  -f CMakeFiles/cmTC_464d5.dir/build.make CMakeFiles/cmTC_464d5.dir/build
make[1]: Entering directory '/media/raphiel/Raphiel/Proyects/Facultad/Algo2/Victor/Labo/Practicas/Ejercitacion05/alumnos/cmake-build-debug/CMakeFiles/CMakeTmp'
Building C object CMakeFiles/cmTC_464d5.dir/CMakeCCompilerABI.c.o
/usr/local/bin/cc    -o CMakeFiles/cmTC_464d5.dir/CMakeCCompilerABI.c.o -c /snap/clion/151/bin/cmake/linux/share/cmake-3.19/Modules/CMakeCCompilerABI.c
cc: fatal error: cannot execute 'cc1': execvp: No such file or directory
compilation terminated.
make[1]: *** [CMakeFiles/cmTC_464d5.dir/build.make:85: CMakeFiles/cmTC_464d5.dir/CMakeCCompilerABI.c.o] Error 1
make[1]: Leaving directory '/media/raphiel/Raphiel/Proyects/Facultad/Algo2/Victor/Labo/Practicas/Ejercitacion05/alumnos/cmake-build-debug/CMakeFiles/CMakeTmp'
make: *** [Makefile:140: cmTC_464d5/fast] Error 2




Determining if the C compiler works failed with the following output:
Change Dir: /media/raphiel/Raphiel/Proyects/Facultad/Algo2/Victor/Labo/Practicas/Ejercitacion05/alumnos/cmake-build-debug/CMakeFiles/CMakeTmp

Run Build Command(s):/usr/bin/make cmTC_6f7f6/fast && /usr/bin/make  -f CMakeFiles/cmTC_6f7f6.dir/build.make CMakeFiles/cmTC_6f7f6.dir/build
make[1]: Entering directory '/media/raphiel/Raphiel/Proyects/Facultad/Algo2/Victor/Labo/Practicas/Ejercitacion05/alumnos/cmake-build-debug/CMakeFiles/CMakeTmp'
Building C object CMakeFiles/cmTC_6f7f6.dir/testCCompiler.c.o
/usr/local/bin/cc    -o CMakeFiles/cmTC_6f7f6.dir/testCCompiler.c.o -c /media/raphiel/Raphiel/Proyects/Facultad/Algo2/Victor/Labo/Practicas/Ejercitacion05/alumnos/cmake-build-debug/CMakeFiles/CMakeTmp/testCCompiler.c
cc: fatal error: cannot execute ‘cc1’: execvp: No such file or directory
compilation terminated.
make[1]: *** [CMakeFiles/cmTC_6f7f6.dir/build.make:85: CMakeFiles/cmTC_6f7f6.dir/testCCompiler.c.o] Error 1
make[1]: Leaving directory '/media/raphiel/Raphiel/Proyects/Facultad/Algo2/Victor/Labo/Practicas/Ejercitacion05/alumnos/cmake-build-debug/CMakeFiles/CMakeTmp'
make: *** [Makefile:140: cmTC_6f7f6/fast] Error 2



