Detecting C compiler ABI info failed to compile with the following output:
Change Dir: /cygdrive/d/CLionProjects/Algo2/Victor/Labo/Teo Apuntes/L02/cmake-build-debug/CMakeFiles/CMakeTmp

Run Build Command(s):/cygdrive/c/Strawberry/c/bin/gmake.exe cmTC_6927a/fast && C:/Strawberry/c/bin/gmake  -f CMakeFiles/cmTC_6927a.dir/build.make CMakeFiles/cmTC_6927a.dir/build
gmake[1]: Entering directory 'D:/CLionProjects/Algo2/Victor/Labo/Teo Apuntes/L02/cmake-build-debug/CMakeFiles/CMakeTmp'
gmake[1]: *** No rule to make target '/cygdrive/c/Users/victor/AppData/Local/JetBrains/CLion2020.3/cygwin_cmake/share/cmake-3.17.5/Modules/CMakeCCompilerABI.c', needed by 'CMakeFiles/cmTC_6927a.dir/CMakeCCompilerABI.c.o'.  Stop.
gmake[1]: Leaving directory 'D:/CLionProjects/Algo2/Victor/Labo/Teo Apuntes/L02/cmake-build-debug/CMakeFiles/CMakeTmp'
gmake: *** [Makefile:141: cmTC_6927a/fast] Error 2




Detecting CXX compiler ABI info failed to compile with the following output:
Change Dir: /cygdrive/d/CLionProjects/Algo2/Victor/Labo/Teo Apuntes/L02/cmake-build-debug/CMakeFiles/CMakeTmp

Run Build Command(s):/cygdrive/c/Strawberry/c/bin/gmake.exe cmTC_06c3f/fast && C:/Strawberry/c/bin/gmake  -f CMakeFiles/cmTC_06c3f.dir/build.make CMakeFiles/cmTC_06c3f.dir/build
gmake[1]: Entering directory 'D:/CLionProjects/Algo2/Victor/Labo/Teo Apuntes/L02/cmake-build-debug/CMakeFiles/CMakeTmp'
gmake[1]: *** No rule to make target '/cygdrive/c/Users/victor/AppData/Local/JetBrains/CLion2020.3/cygwin_cmake/share/cmake-3.17.5/Modules/CMakeCXXCompilerABI.cpp', needed by 'CMakeFiles/cmTC_06c3f.dir/CMakeCXXCompilerABI.cpp.o'.  Stop.
gmake[1]: Leaving directory 'D:/CLionProjects/Algo2/Victor/Labo/Teo Apuntes/L02/cmake-build-debug/CMakeFiles/CMakeTmp'
gmake: *** [Makefile:141: cmTC_06c3f/fast] Error 2




Detecting C compiler ABI info failed to compile with the following output:
Change Dir: /cygdrive/d/CLionProjects/Algo2/Victor/Labo/Teo Apuntes/L02/cmake-build-debug/CMakeFiles/CMakeTmp

Run Build Command(s):/cygdrive/c/Strawberry/c/bin/gmake.exe cmTC_2a044/fast && C:/Strawberry/c/bin/gmake  -f CMakeFiles/cmTC_2a044.dir/build.make CMakeFiles/cmTC_2a044.dir/build
gmake[1]: Entering directory 'D:/CLionProjects/Algo2/Victor/Labo/Teo Apuntes/L02/cmake-build-debug/CMakeFiles/CMakeTmp'
gmake[1]: *** No rule to make target '/cygdrive/c/Users/victor/AppData/Local/JetBrains/CLion2021.1/cygwin_cmake/share/cmake-3.19.2/Modules/CMakeCCompilerABI.c', needed by 'CMakeFiles/cmTC_2a044.dir/CMakeCCompilerABI.c.o'.  Stop.
gmake[1]: Leaving directory 'D:/CLionProjects/Algo2/Victor/Labo/Teo Apuntes/L02/cmake-build-debug/CMakeFiles/CMakeTmp'
gmake: *** [Makefile:140: cmTC_2a044/fast] Error 2




Detecting CXX compiler ABI info failed to compile with the following output:
Change Dir: /cygdrive/d/CLionProjects/Algo2/Victor/Labo/Teo Apuntes/L02/cmake-build-debug/CMakeFiles/CMakeTmp

Run Build Command(s):/cygdrive/c/Strawberry/c/bin/gmake.exe cmTC_8644f/fast && C:/Strawberry/c/bin/gmake  -f CMakeFiles/cmTC_8644f.dir/build.make CMakeFiles/cmTC_8644f.dir/build
gmake[1]: Entering directory 'D:/CLionProjects/Algo2/Victor/Labo/Teo Apuntes/L02/cmake-build-debug/CMakeFiles/CMakeTmp'
gmake[1]: *** No rule to make target '/cygdrive/c/Users/victor/AppData/Local/JetBrains/CLion2021.1/cygwin_cmake/share/cmake-3.19.2/Modules/CMakeCXXCompilerABI.cpp', needed by 'CMakeFiles/cmTC_8644f.dir/CMakeCXXCompilerABI.cpp.o'.  Stop.
gmake[1]: Leaving directory 'D:/CLionProjects/Algo2/Victor/Labo/Teo Apuntes/L02/cmake-build-debug/CMakeFiles/CMakeTmp'
gmake: *** [Makefile:140: cmTC_8644f/fast] Error 2




