The system is: CYGWIN - 3.1.7(0.340/5/3) - x86_64
Compiling the C compiler identification source file "CMakeCCompilerId.c" succeeded.
Compiler: /usr/bin/cc 
Build flags: 
Id flags:  

The output was:
0


Compilation of the C compiler identification source "CMakeCCompilerId.c" produced "a.exe"

The C compiler identification is GNU, found in "/cygdrive/d/CLionProjects/Algo2/Victor/Labo/ejercitacion_uso_clases/cmake-build-debug/CMakeFiles/3.17.5/CompilerIdC/a.exe"

Compiling the CXX compiler identification source file "CMakeCXXCompilerId.cpp" succeeded.
Compiler: /usr/bin/c++.exe 
Build flags: 
Id flags:  

The output was:
0


Compilation of the CXX compiler identification source "CMakeCXXCompilerId.cpp" produced "a.exe"

The CXX compiler identification is GNU, found in "/cygdrive/d/CLionProjects/Algo2/Victor/Labo/ejercitacion_uso_clases/cmake-build-debug/CMakeFiles/3.17.5/CompilerIdCXX/a.exe"

Determining if the C compiler works passed with the following output:
Change Dir: /cygdrive/d/CLionProjects/Algo2/Victor/Labo/ejercitacion_uso_clases/cmake-build-debug/CMakeFiles/CMakeTmp

Run Build Command(s):/cygdrive/c/Strawberry/c/bin/gmake.exe cmTC_38a01/fast && C:/Strawberry/c/bin/gmake  -f CMakeFiles/cmTC_38a01.dir/build.make CMakeFiles/cmTC_38a01.dir/build
gmake[1]: Entering directory 'D:/CLionProjects/Algo2/Victor/Labo/ejercitacion_uso_clases/cmake-build-debug/CMakeFiles/CMakeTmp'
Building C object CMakeFiles/cmTC_38a01.dir/testCCompiler.c.o
/usr/bin/cc    -o CMakeFiles/cmTC_38a01.dir/testCCompiler.c.o   -c /cygdrive/d/CLionProjects/Algo2/Victor/Labo/ejercitacion_uso_clases/cmake-build-debug/CMakeFiles/CMakeTmp/testCCompiler.c
Linking C executable cmTC_38a01.exe
/cygdrive/c/Users/victor/AppData/Local/JetBrains/CLion2020.3/cygwin_cmake/bin/cmake.exe -E cmake_link_script CMakeFiles/cmTC_38a01.dir/link.txt --verbose=1
/usr/bin/cc    -Wl,--enable-auto-import  CMakeFiles/cmTC_38a01.dir/testCCompiler.c.o  -o cmTC_38a01.exe -Wl,--out-implib,libcmTC_38a01.dll.a -Wl,--major-image-version,0,--minor-image-version,0 
gmake[1]: Leaving directory 'D:/CLionProjects/Algo2/Victor/Labo/ejercitacion_uso_clases/cmake-build-debug/CMakeFiles/CMakeTmp'



Determining if the CXX compiler works passed with the following output:
Change Dir: /cygdrive/d/CLionProjects/Algo2/Victor/Labo/ejercitacion_uso_clases/cmake-build-debug/CMakeFiles/CMakeTmp

Run Build Command(s):/cygdrive/c/Strawberry/c/bin/gmake.exe cmTC_46c82/fast && C:/Strawberry/c/bin/gmake  -f CMakeFiles/cmTC_46c82.dir/build.make CMakeFiles/cmTC_46c82.dir/build
gmake[1]: Entering directory 'D:/CLionProjects/Algo2/Victor/Labo/ejercitacion_uso_clases/cmake-build-debug/CMakeFiles/CMakeTmp'
Building CXX object CMakeFiles/cmTC_46c82.dir/testCXXCompiler.cxx.o
/usr/bin/c++.exe     -o CMakeFiles/cmTC_46c82.dir/testCXXCompiler.cxx.o -c /cygdrive/d/CLionProjects/Algo2/Victor/Labo/ejercitacion_uso_clases/cmake-build-debug/CMakeFiles/CMakeTmp/testCXXCompiler.cxx
Linking CXX executable cmTC_46c82.exe
/cygdrive/c/Users/victor/AppData/Local/JetBrains/CLion2020.3/cygwin_cmake/bin/cmake.exe -E cmake_link_script CMakeFiles/cmTC_46c82.dir/link.txt --verbose=1
/usr/bin/c++.exe    -Wl,--enable-auto-import  CMakeFiles/cmTC_46c82.dir/testCXXCompiler.cxx.o  -o cmTC_46c82.exe -Wl,--out-implib,libcmTC_46c82.dll.a -Wl,--major-image-version,0,--minor-image-version,0 
gmake[1]: Leaving directory 'D:/CLionProjects/Algo2/Victor/Labo/ejercitacion_uso_clases/cmake-build-debug/CMakeFiles/CMakeTmp'



