The system is: CYGWIN - 3.2.0(0.340/5/3) - x86_64
Compiling the C compiler identification source file "CMakeCCompilerId.c" succeeded.
Compiler: /usr/bin/cc 
Build flags: 
Id flags:  

The output was:
0


Compilation of the C compiler identification source "CMakeCCompilerId.c" produced "a.exe"

The C compiler identification is GNU, found in "/cygdrive/c/Users/victo/Documents/Proyects/Facultad/Algo2/Victor/Labo/Practicas/Ejercitacion07/cmake-build-debug/CMakeFiles/3.19.2/CompilerIdC/a.exe"

Compiling the CXX compiler identification source file "CMakeCXXCompilerId.cpp" succeeded.
Compiler: /usr/bin/c++.exe 
Build flags: 
Id flags:  

The output was:
0


Compilation of the CXX compiler identification source "CMakeCXXCompilerId.cpp" produced "a.exe"

The CXX compiler identification is GNU, found in "/cygdrive/c/Users/victo/Documents/Proyects/Facultad/Algo2/Victor/Labo/Practicas/Ejercitacion07/cmake-build-debug/CMakeFiles/3.19.2/CompilerIdCXX/a.exe"

Determining if the C compiler works passed with the following output:
Change Dir: /cygdrive/c/Users/victo/Documents/Proyects/Facultad/Algo2/Victor/Labo/Practicas/Ejercitacion07/cmake-build-debug/CMakeFiles/CMakeTmp

Run Build Command(s):/cygdrive/c/Strawberry/c/bin/gmake.exe cmTC_67e61/fast && C:/Strawberry/c/bin/gmake  -f CMakeFiles/cmTC_67e61.dir/build.make CMakeFiles/cmTC_67e61.dir/build
gmake[1]: Entering directory 'C:/Users/victo/Documents/Proyects/Facultad/Algo2/Victor/Labo/Practicas/Ejercitacion07/cmake-build-debug/CMakeFiles/CMakeTmp'
Building C object CMakeFiles/cmTC_67e61.dir/testCCompiler.c.o
/usr/bin/cc    -o CMakeFiles/cmTC_67e61.dir/testCCompiler.c.o -c /cygdrive/c/Users/victo/Documents/Proyects/Facultad/Algo2/Victor/Labo/Practicas/Ejercitacion07/cmake-build-debug/CMakeFiles/CMakeTmp/testCCompiler.c
Linking C executable cmTC_67e61.exe
/cygdrive/c/Users/victo/AppData/Local/JetBrains/CLion2021.1/cygwin_cmake/bin/cmake.exe -E cmake_link_script CMakeFiles/cmTC_67e61.dir/link.txt --verbose=1
/usr/bin/cc -Wl,--enable-auto-import  CMakeFiles/cmTC_67e61.dir/testCCompiler.c.o -o cmTC_67e61.exe -Wl,--out-implib,libcmTC_67e61.dll.a -Wl,--major-image-version,0,--minor-image-version,0 
gmake[1]: Leaving directory 'C:/Users/victo/Documents/Proyects/Facultad/Algo2/Victor/Labo/Practicas/Ejercitacion07/cmake-build-debug/CMakeFiles/CMakeTmp'



Determining if the CXX compiler works passed with the following output:
Change Dir: /cygdrive/c/Users/victo/Documents/Proyects/Facultad/Algo2/Victor/Labo/Practicas/Ejercitacion07/cmake-build-debug/CMakeFiles/CMakeTmp

Run Build Command(s):/cygdrive/c/Strawberry/c/bin/gmake.exe cmTC_e1d5c/fast && C:/Strawberry/c/bin/gmake  -f CMakeFiles/cmTC_e1d5c.dir/build.make CMakeFiles/cmTC_e1d5c.dir/build
gmake[1]: Entering directory 'C:/Users/victo/Documents/Proyects/Facultad/Algo2/Victor/Labo/Practicas/Ejercitacion07/cmake-build-debug/CMakeFiles/CMakeTmp'
Building CXX object CMakeFiles/cmTC_e1d5c.dir/testCXXCompiler.cxx.o
/usr/bin/c++.exe    -o CMakeFiles/cmTC_e1d5c.dir/testCXXCompiler.cxx.o -c /cygdrive/c/Users/victo/Documents/Proyects/Facultad/Algo2/Victor/Labo/Practicas/Ejercitacion07/cmake-build-debug/CMakeFiles/CMakeTmp/testCXXCompiler.cxx
Linking CXX executable cmTC_e1d5c.exe
/cygdrive/c/Users/victo/AppData/Local/JetBrains/CLion2021.1/cygwin_cmake/bin/cmake.exe -E cmake_link_script CMakeFiles/cmTC_e1d5c.dir/link.txt --verbose=1
/usr/bin/c++.exe -Wl,--enable-auto-import  CMakeFiles/cmTC_e1d5c.dir/testCXXCompiler.cxx.o -o cmTC_e1d5c.exe -Wl,--out-implib,libcmTC_e1d5c.dll.a -Wl,--major-image-version,0,--minor-image-version,0 
gmake[1]: Leaving directory 'C:/Users/victo/Documents/Proyects/Facultad/Algo2/Victor/Labo/Practicas/Ejercitacion07/cmake-build-debug/CMakeFiles/CMakeTmp'



