The system is: CYGWIN - 3.1.7(0.340/5/3) - x86_64
Compiling the C compiler identification source file "CMakeCCompilerId.c" succeeded.
Compiler: /usr/bin/cc 
Build flags: 
Id flags:  

The output was:
0


Compilation of the C compiler identification source "CMakeCCompilerId.c" produced "a.exe"

The C compiler identification is GNU, found in "/cygdrive/d/CLionProjects/Algo2/Victor/Labo/Sandbox/cmake-build-debug/CMakeFiles/3.19.2/CompilerIdC/a.exe"

Compiling the CXX compiler identification source file "CMakeCXXCompilerId.cpp" succeeded.
Compiler: /usr/bin/c++.exe 
Build flags: 
Id flags:  

The output was:
0


Compilation of the CXX compiler identification source "CMakeCXXCompilerId.cpp" produced "a.exe"

The CXX compiler identification is GNU, found in "/cygdrive/d/CLionProjects/Algo2/Victor/Labo/Sandbox/cmake-build-debug/CMakeFiles/3.19.2/CompilerIdCXX/a.exe"

Determining if the C compiler works passed with the following output:
Change Dir: /cygdrive/d/CLionProjects/Algo2/Victor/Labo/Sandbox/cmake-build-debug/CMakeFiles/CMakeTmp

Run Build Command(s):/cygdrive/c/Strawberry/c/bin/gmake.exe cmTC_7d3e4/fast && C:/Strawberry/c/bin/gmake  -f CMakeFiles/cmTC_7d3e4.dir/build.make CMakeFiles/cmTC_7d3e4.dir/build
gmake[1]: Entering directory 'D:/CLionProjects/Algo2/Victor/Labo/Sandbox/cmake-build-debug/CMakeFiles/CMakeTmp'
Building C object CMakeFiles/cmTC_7d3e4.dir/testCCompiler.c.o
/usr/bin/cc    -o CMakeFiles/cmTC_7d3e4.dir/testCCompiler.c.o -c /cygdrive/d/CLionProjects/Algo2/Victor/Labo/Sandbox/cmake-build-debug/CMakeFiles/CMakeTmp/testCCompiler.c
Linking C executable cmTC_7d3e4.exe
/cygdrive/c/Users/victor/AppData/Local/JetBrains/CLion2021.1/cygwin_cmake/bin/cmake.exe -E cmake_link_script CMakeFiles/cmTC_7d3e4.dir/link.txt --verbose=1
/usr/bin/cc -Wl,--enable-auto-import  CMakeFiles/cmTC_7d3e4.dir/testCCompiler.c.o -o cmTC_7d3e4.exe -Wl,--out-implib,libcmTC_7d3e4.dll.a -Wl,--major-image-version,0,--minor-image-version,0 
gmake[1]: Leaving directory 'D:/CLionProjects/Algo2/Victor/Labo/Sandbox/cmake-build-debug/CMakeFiles/CMakeTmp'



Determining if the CXX compiler works passed with the following output:
Change Dir: /cygdrive/d/CLionProjects/Algo2/Victor/Labo/Sandbox/cmake-build-debug/CMakeFiles/CMakeTmp

Run Build Command(s):/cygdrive/c/Strawberry/c/bin/gmake.exe cmTC_803fa/fast && C:/Strawberry/c/bin/gmake  -f CMakeFiles/cmTC_803fa.dir/build.make CMakeFiles/cmTC_803fa.dir/build
gmake[1]: Entering directory 'D:/CLionProjects/Algo2/Victor/Labo/Sandbox/cmake-build-debug/CMakeFiles/CMakeTmp'
Building CXX object CMakeFiles/cmTC_803fa.dir/testCXXCompiler.cxx.o
/usr/bin/c++.exe    -o CMakeFiles/cmTC_803fa.dir/testCXXCompiler.cxx.o -c /cygdrive/d/CLionProjects/Algo2/Victor/Labo/Sandbox/cmake-build-debug/CMakeFiles/CMakeTmp/testCXXCompiler.cxx
Linking CXX executable cmTC_803fa.exe
/cygdrive/c/Users/victor/AppData/Local/JetBrains/CLion2021.1/cygwin_cmake/bin/cmake.exe -E cmake_link_script CMakeFiles/cmTC_803fa.dir/link.txt --verbose=1
/usr/bin/c++.exe -Wl,--enable-auto-import  CMakeFiles/cmTC_803fa.dir/testCXXCompiler.cxx.o -o cmTC_803fa.exe -Wl,--out-implib,libcmTC_803fa.dll.a -Wl,--major-image-version,0,--minor-image-version,0 
gmake[1]: Leaving directory 'D:/CLionProjects/Algo2/Victor/Labo/Sandbox/cmake-build-debug/CMakeFiles/CMakeTmp'



